# JRE version: Java(TM) SE Runtime Environment (11.0.6+8) (build 11.0.6+8-LTS)
# Java VM: Java HotSpot(TM) 64-Bit Server VM (11.0.6+8-LTS, mixed mode, tiered, compressed oops, g1 gc, windows-amd64)
Heap:
 garbage-first heap   total 287744K, used 191184K [0x00000000c0000000, 0x0000000100000000)
  region size 1024K, 57 young (58368K), 5 survivors (5120K)
 Metaspace       used 59340K, capacity 61945K, committed 62080K, reserved 1103872K
  class space    used 5648K, capacity 6661K, committed 6784K, reserved 1048576K
GC Heap History (10 events):
Event: 10.393 GC heap before
{Heap before GC invocations=10 (full 0):
 garbage-first heap   total 287744K, used 205824K [0x00000000c0000000, 0x0000000100000000)
  region size 1024K, 132 young (135168K), 12 survivors (12288K)
 Metaspace       used 56784K, capacity 59457K, committed 59648K, reserved 1101824K
  class space    used 5544K, capacity 6543K, committed 6656K, reserved 1048576K
}
Event: 10.406 GC heap after
{Heap after GC invocations=11 (full 0):
 garbage-first heap   total 287744K, used 105984K [0x00000000c0000000, 0x0000000100000000)
  region size 1024K, 17 young (17408K), 17 survivors (17408K)
 Metaspace       used 56784K, capacity 59457K, committed 59648K, reserved 1101824K
  class space    used 5544K, capacity 6543K, committed 6656K, reserved 1048576K
}
Event: 11.108 GC heap before
{Heap before GC invocations=11 (full 0):
 garbage-first heap   total 287744K, used 194048K [0x00000000c0000000, 0x0000000100000000)
  region size 1024K, 102 young (104448K), 17 survivors (17408K)
 Metaspace       used 57436K, capacity 60079K, committed 60160K, reserved 1103872K
  class space    used 5567K, capacity 6578K, committed 6656K, reserved 1048576K
}
Event: 11.123 GC heap after
{Heap after GC invocations=12 (full 0):
 garbage-first heap   total 287744K, used 134519K [0x00000000c0000000, 0x0000000100000000)
  region size 1024K, 15 young (15360K), 15 survivors (15360K)
 Metaspace       used 57436K, capacity 60079K, committed 60160K, reserved 1103872K
  class space    used 5567K, capacity 6578K, committed 6656K, reserved 1048576K
}
Event: 11.590 GC heap before
{Heap before GC invocations=13 (full 0):
 garbage-first heap   total 287744K, used 208247K [0x00000000c0000000, 0x0000000100000000)
  region size 1024K, 87 young (89088K), 15 survivors (15360K)
 Metaspace       used 58696K, capacity 61376K, committed 61440K, reserved 1103872K
  class space    used 5633K, capacity 6624K, committed 6656K, reserved 1048576K
}
Event: 11.599 GC heap after
{Heap after GC invocations=14 (full 0):
 garbage-first heap   total 287744K, used 139175K [0x00000000c0000000, 0x0000000100000000)
  region size 1024K, 7 young (7168K), 7 survivors (7168K)
 Metaspace       used 58696K, capacity 61376K, committed 61440K, reserved 1103872K
  class space    used 5633K, capacity 6624K, committed 6656K, reserved 1048576K
}
Event: 11.629 GC heap before
{Heap before GC invocations=14 (full 0):
 garbage-first heap   total 287744K, used 146343K [0x00000000c0000000, 0x0000000100000000)
  region size 1024K, 14 young (14336K), 7 survivors (7168K)
 Metaspace       used 58697K, capacity 61376K, committed 61440K, reserved 1103872K
  class space    used 5633K, capacity 6624K, committed 6656K, reserved 1048576K
}
Event: 11.635 GC heap after
{Heap after GC invocations=15 (full 0):
 garbage-first heap   total 287744K, used 135882K [0x00000000c0000000, 0x0000000100000000)
  region size 1024K, 2 young (2048K), 2 survivors (2048K)
 Metaspace       used 58697K, capacity 61376K, committed 61440K, reserved 1103872K
  class space    used 5633K, capacity 6624K, committed 6656K, reserved 1048576K
}
Event: 11.962 GC heap before
{Heap before GC invocations=15 (full 0):
 garbage-first heap   total 287744K, used 212682K [0x00000000c0000000, 0x0000000100000000)
  region size 1024K, 77 young (78848K), 2 survivors (2048K)
 Metaspace       used 59128K, capacity 61744K, committed 62080K, reserved 1103872K
  class space    used 5644K, capacity 6658K, committed 6784K, reserved 1048576K
}
Event: 11.967 GC heap after
{Heap after GC invocations=16 (full 0):
 garbage-first heap   total 287744K, used 138960K [0x00000000c0000000, 0x0000000100000000)
  region size 1024K, 5 young (5120K), 5 survivors (5120K)
 Metaspace       used 59128K, capacity 61744K, committed 62080K, reserved 1103872K
  class space    used 5644K, capacity 6658K, committed 6784K, reserved 1048576K
}

