# JRE version: Java(TM) SE Runtime Environment 18.9 (11.0.8+10) (build 11.0.8+10-LTS)
# Java VM: Java HotSpot(TM) 64-Bit Server VM 18.9 (11.0.8+10-LTS, mixed mode, tiered, compressed oops, g1 gc, windows-amd64)
Heap:
 garbage-first heap   total 262144K, used 66973K [0x0000000701000000, 0x0000000800000000)
  region size 1024K, 52 young (53248K), 12 survivors (12288K)
 Metaspace       used 63264K, capacity 64489K, committed 64640K, reserved 1105920K
  class space    used 8045K, capacity 8527K, committed 8576K, reserved 1048576K
GC Heap History (10 events):
Event: 0.844 GC heap before
{Heap before GC invocations=1 (full 0):
 garbage-first heap   total 262144K, used 26368K [0x0000000701000000, 0x0000000800000000)
  region size 1024K, 21 young (21504K), 3 survivors (3072K)
 Metaspace       used 15707K, capacity 16080K, committed 16128K, reserved 1062912K
  class space    used 1617K, capacity 1748K, committed 1792K, reserved 1048576K
}
Event: 0.846 GC heap after
{Heap after GC invocations=2 (full 0):
 garbage-first heap   total 262144K, used 9281K [0x0000000701000000, 0x0000000800000000)
  region size 1024K, 2 young (2048K), 2 survivors (2048K)
 Metaspace       used 15707K, capacity 16080K, committed 16128K, reserved 1062912K
  class space    used 1617K, capacity 1748K, committed 1792K, reserved 1048576K
}
Event: 1.165 GC heap before
{Heap before GC invocations=2 (full 0):
 garbage-first heap   total 262144K, used 38977K [0x0000000701000000, 0x0000000800000000)
  region size 1024K, 33 young (33792K), 2 survivors (2048K)
 Metaspace       used 20693K, capacity 21155K, committed 21248K, reserved 1069056K
  class space    used 2329K, capacity 2509K, committed 2560K, reserved 1048576K
}
Event: 1.169 GC heap after
{Heap after GC invocations=3 (full 0):
 garbage-first heap   total 262144K, used 10619K [0x0000000701000000, 0x0000000800000000)
  region size 1024K, 3 young (3072K), 3 survivors (3072K)
 Metaspace       used 20693K, capacity 21155K, committed 21248K, reserved 1069056K
  class space    used 2329K, capacity 2509K, committed 2560K, reserved 1048576K
}
Event: 2.778 GC heap before
{Heap before GC invocations=4 (full 0):
 garbage-first heap   total 262144K, used 163195K [0x0000000701000000, 0x0000000800000000)
  region size 1024K, 153 young (156672K), 3 survivors (3072K)
 Metaspace       used 35033K, capacity 35837K, committed 35968K, reserved 1081344K
  class space    used 4161K, capacity 4480K, committed 4480K, reserved 1048576K
}
Event: 2.783 GC heap after
{Heap after GC invocations=5 (full 0):
 garbage-first heap   total 262144K, used 15788K [0x0000000701000000, 0x0000000800000000)
  region size 1024K, 8 young (8192K), 8 survivors (8192K)
 Metaspace       used 35033K, capacity 35837K, committed 35968K, reserved 1081344K
  class space    used 4161K, capacity 4480K, committed 4480K, reserved 1048576K
}
Event: 4.449 GC heap before
{Heap before GC invocations=6 (full 0):
 garbage-first heap   total 262144K, used 164268K [0x0000000701000000, 0x0000000800000000)
  region size 1024K, 153 young (156672K), 8 survivors (8192K)
 Metaspace       used 56078K, capacity 57142K, committed 57472K, reserved 1099776K
  class space    used 6993K, capacity 7437K, committed 7552K, reserved 1048576K
}
Event: 4.456 GC heap after
{Heap after GC invocations=7 (full 0):
 garbage-first heap   total 262144K, used 25287K [0x0000000701000000, 0x0000000800000000)
  region size 1024K, 17 young (17408K), 17 survivors (17408K)
 Metaspace       used 56078K, capacity 57142K, committed 57472K, reserved 1099776K
  class space    used 6993K, capacity 7437K, committed 7552K, reserved 1048576K
}
Event: 4.699 GC heap before
{Heap before GC invocations=7 (full 0):
 garbage-first heap   total 262144K, used 43719K [0x0000000701000000, 0x0000000800000000)
  region size 1024K, 37 young (37888K), 17 survivors (17408K)
 Metaspace       used 58712K, capacity 59798K, committed 59904K, reserved 1101824K
  class space    used 7387K, capacity 7848K, committed 7936K, reserved 1048576K
}
Event: 4.711 GC heap after
{Heap after GC invocations=8 (full 0):
 garbage-first heap   total 262144K, used 27037K [0x0000000701000000, 0x0000000800000000)
  region size 1024K, 12 young (12288K), 12 survivors (12288K)
 Metaspace       used 58712K, capacity 59798K, committed 59904K, reserved 1101824K
  class space    used 7387K, capacity 7848K, committed 7936K, reserved 1048576K
}

