# JRE version: Java(TM) SE Runtime Environment 18.9 (11.0.8+10) (build 11.0.8+10-LTS)
# Java VM: Java HotSpot(TM) 64-Bit Server VM 18.9 (11.0.8+10-LTS, mixed mode, tiered, compressed oops, g1 gc, windows-amd64)
Heap:
 garbage-first heap   total 262144K, used 123296K [0x0000000701000000, 0x0000000800000000)
  region size 1024K, 114 young (116736K), 8 survivors (8192K)
 Metaspace       used 47391K, capacity 48460K, committed 48592K, reserved 1091584K
  class space    used 5904K, capacity 6347K, committed 6396K, reserved 1048576K
GC Heap History (10 events):
Event: 0.494 GC heap before
{Heap before GC invocations=0 (full 0):
 garbage-first heap   total 262144K, used 22528K [0x0000000701000000, 0x0000000800000000)
  region size 1024K, 22 young (22528K), 0 survivors (0K)
 Metaspace       used 10709K, capacity 10828K, committed 11136K, reserved 1058816K
  class space    used 1022K, capacity 1059K, committed 1152K, reserved 1048576K
}
Event: 0.497 GC heap after
{Heap after GC invocations=1 (full 0):
 garbage-first heap   total 262144K, used 8317K [0x0000000701000000, 0x0000000800000000)
  region size 1024K, 3 young (3072K), 3 survivors (3072K)
 Metaspace       used 10709K, capacity 10828K, committed 11136K, reserved 1058816K
  class space    used 1022K, capacity 1059K, committed 1152K, reserved 1048576K
}
Event: 0.668 GC heap before
{Heap before GC invocations=1 (full 0):
 garbage-first heap   total 262144K, used 28797K [0x0000000701000000, 0x0000000800000000)
  region size 1024K, 23 young (23552K), 3 survivors (3072K)
 Metaspace       used 16166K, capacity 16521K, committed 16768K, reserved 1064960K
  class space    used 1686K, capacity 1814K, committed 1920K, reserved 1048576K
}
Event: 0.670 GC heap after
{Heap after GC invocations=2 (full 0):
 garbage-first heap   total 262144K, used 9205K [0x0000000701000000, 0x0000000800000000)
  region size 1024K, 2 young (2048K), 2 survivors (2048K)
 Metaspace       used 16166K, capacity 16521K, committed 16768K, reserved 1064960K
  class space    used 1686K, capacity 1814K, committed 1920K, reserved 1048576K
}
Event: 0.874 GC heap before
{Heap before GC invocations=2 (full 0):
 garbage-first heap   total 262144K, used 36853K [0x0000000701000000, 0x0000000800000000)
  region size 1024K, 31 young (31744K), 2 survivors (2048K)
 Metaspace       used 20731K, capacity 21238K, committed 21504K, reserved 1069056K
  class space    used 2384K, capacity 2541K, committed 2560K, reserved 1048576K
}
Event: 0.877 GC heap after
{Heap after GC invocations=3 (full 0):
 garbage-first heap   total 262144K, used 10307K [0x0000000701000000, 0x0000000800000000)
  region size 1024K, 3 young (3072K), 3 survivors (3072K)
 Metaspace       used 20731K, capacity 21238K, committed 21504K, reserved 1069056K
  class space    used 2384K, capacity 2541K, committed 2560K, reserved 1048576K
}
Event: 1.476 GC heap before
{Heap before GC invocations=4 (full 0):
 garbage-first heap   total 262144K, used 114755K [0x0000000701000000, 0x0000000800000000)
  region size 1024K, 106 young (108544K), 3 survivors (3072K)
 Metaspace       used 28700K, capacity 29367K, committed 29564K, reserved 1075200K
  class space    used 3325K, capacity 3601K, committed 3708K, reserved 1048576K
}
Event: 1.479 GC heap after
{Heap after GC invocations=5 (full 0):
 garbage-first heap   total 262144K, used 13052K [0x0000000701000000, 0x0000000800000000)
  region size 1024K, 5 young (5120K), 5 survivors (5120K)
 Metaspace       used 28700K, capacity 29367K, committed 29564K, reserved 1075200K
  class space    used 3325K, capacity 3601K, committed 3708K, reserved 1048576K
}
Event: 2.097 GC heap before
{Heap before GC invocations=5 (full 0):
 garbage-first heap   total 262144K, used 62204K [0x0000000701000000, 0x0000000800000000)
  region size 1024K, 54 young (55296K), 5 survivors (5120K)
 Metaspace       used 35204K, capacity 35941K, committed 36048K, reserved 1081344K
  class space    used 4193K, capacity 4519K, committed 4604K, reserved 1048576K
}
Event: 2.102 GC heap after
{Heap after GC invocations=6 (full 0):
 garbage-first heap   total 262144K, used 15776K [0x0000000701000000, 0x0000000800000000)
  region size 1024K, 8 young (8192K), 8 survivors (8192K)
 Metaspace       used 35204K, capacity 35941K, committed 36048K, reserved 1081344K
  class space    used 4193K, capacity 4519K, committed 4604K, reserved 1048576K
}

